Mar 18, 2015 1:50:01 PM org.apache.catalina.core.AprLifecycleListener init
INFORMAÇÕES: The APR based Apache Tomcat Native library which allows optimal performance in production environments was not found on the java.library.path: /usr/java/packages/lib/amd64:/usr/lib64:/lib64:/lib:/usr/lib
Mar 18, 2015 1:50:02 PM org.apache.tomcat.util.digester.SetPropertiesRule begin
ADVERTÊNCIA: [SetPropertiesRule]{Server/Service/Engine/Host/Context} Setting property 'source' to 'org.eclipse.jst.jee.server:stateless-session' did not find a matching property.
Mar 18, 2015 1:50:02 PM org.apache.coyote.AbstractProtocol init
INFORMAÇÕES: Initializing ProtocolHandler ["http-bio-8686"]
Mar 18, 2015 1:50:02 PM org.apache.coyote.AbstractProtocol init
INFORMAÇÕES: Initializing ProtocolHandler ["ajp-bio-8609"]
Mar 18, 2015 1:50:02 PM org.apache.catalina.startup.Catalina load
INFORMAÇÕES: Initialization processed in 458 ms
Mar 18, 2015 1:50:02 PM org.apache.catalina.core.StandardService startInternal
INFORMAÇÕES: Starting service Catalina
Mar 18, 2015 1:50:02 PM org.apache.catalina.core.StandardEngine startInternal
INFORMAÇÕES: Starting Servlet Engine: Apache Tomcat/7.0.42
Mar 18, 2015 1:50:04 PM org.apache.catalina.core.StandardContext startInternal
GRAVE: Error listenerStart
Mar 18, 2015 1:50:04 PM org.apache.catalina.core.StandardContext startInternal
GRAVE: Context [/stateless-session] startup failed due to previous errors
Mar 18, 2015 1:50:05 PM org.apache.catalina.startup.HostConfig deployWAR
INFORMAÇÕES: Deploying web application archive /home/ricardo/Área de Trabalho/stateless-session/server/webapps/cargocpc.war
Mar 18, 2015 1:50:05 PM org.apache.coyote.AbstractProtocol start
INFORMAÇÕES: Starting ProtocolHandler ["http-bio-8686"]
Mar 18, 2015 1:50:05 PM org.apache.coyote.AbstractProtocol start
INFORMAÇÕES: Starting ProtocolHandler ["ajp-bio-8609"]
Mar 18, 2015 1:50:05 PM org.apache.catalina.startup.Catalina start
INFORMAÇÕES: Server startup in 2897 ms
Mar 18, 2015 1:50:05 PM org.apache.catalina.core.StandardServer await
INFORMAÇÕES: A valid shutdown command was received via the shutdown port. Stopping the Server instance.
Mar 18, 2015 1:50:05 PM org.apache.coyote.AbstractProtocol pause
INFORMAÇÕES: Pausing ProtocolHandler ["http-bio-8686"]
Mar 18, 2015 1:50:05 PM org.apache.coyote.AbstractProtocol pause
INFORMAÇÕES: Pausing ProtocolHandler ["ajp-bio-8609"]
Mar 18, 2015 1:50:05 PM org.apache.catalina.core.StandardService stopInternal
INFORMAÇÕES: Stopping service Catalina
Mar 18, 2015 1:50:05 PM org.apache.coyote.AbstractProtocol stop
INFORMAÇÕES: Stopping ProtocolHandler ["http-bio-8686"]
Mar 18, 2015 1:50:05 PM org.apache.coyote.AbstractProtocol stop
INFORMAÇÕES: Stopping ProtocolHandler ["ajp-bio-8609"]
Mar 18, 2015 1:50:05 PM org.apache.coyote.AbstractProtocol destroy
INFORMAÇÕES: Destroying ProtocolHandler ["http-bio-8686"]
Mar 18, 2015 1:50:05 PM org.apache.coyote.AbstractProtocol destroy
INFORMAÇÕES: Destroying ProtocolHandler ["ajp-bio-8609"]
